<?xml version="1.0" encoding="UTF-8"?>
<testng-results skipped="0" failed="0" ignored="0" total="6" passed="6">
  <reporter-output>
  </reporter-output>
  <suite name="Suite" duration-ms="197" started-at="2023-01-03T12:59:35 IST" finished-at="2023-01-03T12:59:35 IST">
    <groups>
    </groups>
    <test name="Test" duration-ms="197" started-at="2023-01-03T12:59:35 IST" finished-at="2023-01-03T12:59:35 IST">
      <class name="qaclickacademy.Mavenjava.AppiumTest">
        <test-method status="PASS" signature="IOSApps()[pri:0, instance:qaclickacademy.Mavenjava.AppiumTest@3e57cd70]" name="IOSApps" duration-ms="20" started-at="2023-01-03T12:59:35 IST" finished-at="2023-01-03T12:59:35 IST">
          <reporter-output>
          </reporter-output>
        </test-method> <!-- IOSApps -->
        <test-method status="PASS" signature="androidApp()[pri:0, instance:qaclickacademy.Mavenjava.AppiumTest@3e57cd70]" name="androidApp" duration-ms="0" started-at="2023-01-03T12:59:35 IST" finished-at="2023-01-03T12:59:35 IST">
          <reporter-output>
          </reporter-output>
        </test-method> <!-- androidApp -->
      </class> <!-- qaclickacademy.Mavenjava.AppiumTest -->
      <class name="qaclickacademy.Mavenjava.RESTAP">
        <test-method status="PASS" signature="deleteTwitter()[pri:0, instance:qaclickacademy.Mavenjava.RESTAP@4abdb505]" name="deleteTwitter" duration-ms="2" started-at="2023-01-03T12:59:35 IST" finished-at="2023-01-03T12:59:35 IST">
          <reporter-output>
          </reporter-output>
        </test-method> <!-- deleteTwitter -->
        <test-method status="PASS" signature="postJira()[pri:0, instance:qaclickacademy.Mavenjava.RESTAP@4abdb505]" name="postJira" duration-ms="0" started-at="2023-01-03T12:59:35 IST" finished-at="2023-01-03T12:59:35 IST">
          <reporter-output>
          </reporter-output>
        </test-method> <!-- postJira -->
      </class> <!-- qaclickacademy.Mavenjava.RESTAP -->
      <class name="qaclickacademy.Mavenjava.SeleniumTest">
        <test-method status="PASS" signature="BrowserAuto()[pri:0, instance:qaclickacademy.Mavenjava.SeleniumTest@7ce6a65d]" name="BrowserAuto" duration-ms="8" started-at="2023-01-03T12:59:35 IST" finished-at="2023-01-03T12:59:35 IST">
          <reporter-output>
          </reporter-output>
        </test-method> <!-- BrowserAuto -->
        <test-method status="PASS" signature="ElementsUI()[pri:0, instance:qaclickacademy.Mavenjava.SeleniumTest@7ce6a65d]" name="ElementsUI" duration-ms="0" started-at="2023-01-03T12:59:35 IST" finished-at="2023-01-03T12:59:35 IST">
          <reporter-output>
          </reporter-output>
        </test-method> <!-- ElementsUI -->
      </class> <!-- qaclickacademy.Mavenjava.SeleniumTest -->
    </test> <!-- Test -->
  </suite> <!-- Suite -->
</testng-results>
