<?xml version="1.0" encoding="UTF-8"?>
<testsuite xmlns:xsi="http://www.w3.org/2001/XMLSchema-instance" xsi:noNamespaceSchemaLocation="https://maven.apache.org/surefire/maven-surefire-plugin/xsd/surefire-test-report-3.0.xsd" version="3.0" name="TestSuite" time="1.878" tests="6" errors="0" skipped="0" failures="0">
  <properties>
[...]
</properties>
  <testcase name="IOSApps" classname="qaclickacademy.Mavenjava.AppiumTest" time="0.01">
    <system-out><![CDATA[IA
]]></system-out>
    <system-err><![CDATA[SLF4J: Failed to load class "org.slf4j.impl.StaticLoggerBinder".
SLF4J: Defaulting to no-operation (NOP) logger implementation
SLF4J: See http://www.slf4j.org/codes.html#StaticLoggerBinder for further details.
]]></system-err>
  </testcase>
  <testcase name="androidApp" classname="qaclickacademy.Mavenjava.AppiumTest" time="0">
    <system-out><![CDATA[Aa
]]></system-out>
  </testcase>
  <testcase name="deleteTwitter" classname="qaclickacademy.Mavenjava.RESTAP" time="0">
    <system-out><![CDATA[deleteTwitter
]]></system-out>
  </testcase>
  <testcase name="postJira" classname="qaclickacademy.Mavenjava.RESTAP" time="0">
    <system-out><![CDATA[Postjira
]]></system-out>
  </testcase>
  <testcase name="BrowserAuto" classname="qaclickacademy.Mavenjava.SeleniumTest" time="0">
    <system-out><![CDATA[BrowserAuto
]]></system-out>
  </testcase>
  <testcase name="ElementsUI" classname="qaclickacademy.Mavenjava.SeleniumTest" time="0.01">
    <system-out><![CDATA[RElemetsUi
]]></system-out>
  </testcase>
</testsuite>