<?xml version="1.0" encoding="UTF-8"?>
<!-- Generated by org.testng.reporters.JUnitXMLReporter -->
<testsuite hostname="DESKTOP-O6MA943" ignored="0" name="Test" tests="6" failures="0" timestamp="2023-01-03T12:59:12 IST" time="0.185" errors="0">
  <testcase name="IOSApps" time="0.016" classname="qaclickacademy.Mavenjava.AppiumTest"/>
  <testcase name="androidApp" time="0.0" classname="qaclickacademy.Mavenjava.AppiumTest"/>
  <testcase name="deleteTwitter" time="0.0" classname="qaclickacademy.Mavenjava.RESTAP"/>
  <testcase name="postJira" time="0.015" classname="qaclickacademy.Mavenjava.RESTAP"/>
  <testcase name="BrowserAuto" time="0.0" classname="qaclickacademy.Mavenjava.SeleniumTest"/>
  <testcase name="ElementsUI" time="0.016" classname="qaclickacademy.Mavenjava.SeleniumTest"/>
</testsuite> <!-- Test -->
