<?xml version="1.0" encoding="UTF-8"?>
<!-- Generated by org.testng.reporters.JUnitXMLReporter -->
<testsuite hostname="DESKTOP-O6MA943" ignored="1" name="Default test" tests="1" failures="0" timestamp="2023-01-03T12:31:15 IST" time="0.104" errors="0">
  <testcase name="androidApp" time="0.032" classname="qaclickacademy.Mavenjava.AppiumTest"/>
  <testcase name="IOSApps" time="0.0" classname="qaclickacademy.Mavenjava.AppiumTest">
    <ignored/>
  </testcase> <!-- IOSApps -->
</testsuite> <!-- Default test -->
